#
# There is insufficient memory for the Java Runtime Environment to continue.
# Native memory allocation (malloc) failed to allocate 2448528 bytes. Error detail: Chunk::new
# Possible reasons:
#   The system is out of physical RAM or swap space
#   This process is running with CompressedOops enabled, and the Java Heap may be blocking the growth of the native heap
# Possible solutions:
#   Reduce memory load on the system
#   Increase physical memory or swap space
#   Check if swap backing store is full
#   Decrease Java heap size (-Xmx/-Xms)
#   Decrease number of Java threads
#   Decrease Java thread stack sizes (-Xss)
#   Set larger code cache with -XX:ReservedCodeCacheSize=
#   JVM is running with Unscaled Compressed Oops mode in which the Java heap is
#     placed in the first 4GB address space. The Java Heap base address is the
#     maximum limit for the native heap growth. Please use -XX:HeapBaseMinAddress
#     to set the Java Heap base and to place the Java Heap above 4GB virtual address.
# This output file may be truncated or incomplete.
#
#  Out of Memory Error (arena.cpp:168), pid=4208, tid=18392
#
# JRE version: OpenJDK Runtime Environment Temurin-21.0.8+9 (21.0.8+9) (build 21.0.8+9-LTS)
# Java VM: OpenJDK 64-Bit Server VM Temurin-21.0.8+9 (21.0.8+9-LTS, mixed mode, sharing, tiered, compressed oops, compressed class ptrs, parallel gc, windows-amd64)
# No core dump will be written. Minidumps are not enabled by default on client versions of Windows
#

---------------  S U M M A R Y ------------

Command Line: --add-modules=ALL-SYSTEM --add-opens=java.base/java.util=ALL-UNNAMED --add-opens=java.base/java.lang=ALL-UNNAMED --add-opens=java.base/sun.nio.fs=ALL-UNNAMED -Declipse.application=org.eclipse.jdt.ls.core.id1 -Dosgi.bundles.defaultStartLevel=4 -Declipse.product=org.eclipse.jdt.ls.core.product -Djava.import.generatesMetadataFilesAtProjectRoot=false -DDetectVMInstallationsJob.disabled=true -Dfile.encoding=utf8 -XX:+UseParallelGC -XX:GCTimeRatio=4 -XX:AdaptiveSizePolicyWeight=90 -Dsun.zip.disableMemoryMapping=true -Xmx2G -Xms100m -Xlog:disable -javaagent:c:\Users\Etudiant\.vscode\extensions\redhat.java-1.46.2025091808-win32-x64\lombok\lombok-1.18.39-4050.jar c:\Users\Etudiant\.vscode\extensions\redhat.java-1.46.2025091808-win32-x64\server\plugins\org.eclipse.equinox.launcher_1.7.0.v20250519-0528.jar -configuration c:\Users\Etudiant\AppData\Roaming\Code\User\globalStorage\redhat.java\1.46.2025091808\config_ss_win -data c:\Users\Etudiant\AppData\Roaming\Code\User\workspaceStorage\1a0902743ca5a51e1bfe16b9c011b30d\redhat.java\ss_ws --pipe=\\.\pipe\lsp-bbfe7b2d7ce10308ba50c2a3eb203f17-sock

Host: 13th Gen Intel(R) Core(TM) i5-1335U, 12 cores, 15G,  Windows 11 , 64 bit Build 26100 (10.0.26100.4202)
Time: Thu Sep 18 10:07:35 2025 elapsed time: 11.120936 seconds (0d 0h 0m 11s)

---------------  T H R E A D  ---------------

Current thread (0x0000029e6b925010):  JavaThread "C2 CompilerThread1" daemon [_thread_in_native, id=18392, stack(0x000000a423b00000,0x000000a423c00000) (1024K)]


Current CompileTask:
C2:11121 2488       4       org.lombokweb.asm.ClassReader::readMethod (1070 bytes)

Stack: [0x000000a423b00000,0x000000a423c00000]
Native frames: (J=compiled Java code, j=interpreted, Vv=VM code, C=native code)
V  [jvm.dll+0x6d2449]
V  [jvm.dll+0x8ae341]
V  [jvm.dll+0x8b08be]
V  [jvm.dll+0x8b0fa3]
V  [jvm.dll+0x280c96]
V  [jvm.dll+0xc581d]
V  [jvm.dll+0xc5d53]
V  [jvm.dll+0x3b919c]
V  [jvm.dll+0x1e1409]
V  [jvm.dll+0x249022]
V  [jvm.dll+0x2484af]
V  [jvm.dll+0x1c89ee]
V  [jvm.dll+0x257d4d]
V  [jvm.dll+0x2562ea]
V  [jvm.dll+0x3f2d16]
V  [jvm.dll+0x857e6b]
V  [jvm.dll+0x6d0b0d]
C  [ucrtbase.dll+0x37b0]
C  [KERNEL32.DLL+0x2e8d7]
C  [ntdll.dll+0x3c34c]


---------------  P R O C E S S  ---------------

Threads class SMR info:
_java_thread_list=0x0000029e6c11efe0, length=21, elements={
0x0000029e0a169260, 0x0000029e653b4fd0, 0x0000029e653b7240, 0x0000029e653bd010,
0x0000029e653bdb10, 0x0000029e653c3650, 0x0000029e653c9e70, 0x0000029e653ce570,
0x0000029e653d10c0, 0x0000029e654997f0, 0x0000029e6b018570, 0x0000029e6b51e2c0,
0x0000029e65519a70, 0x0000029e6b863580, 0x0000029e6b0d3090, 0x0000029e6b925010,
0x0000029e6ba73ab0, 0x0000029e6b9b6f10, 0x0000029e6bfa9f50, 0x0000029e6556d030,
0x0000029e6bfa7e80
}

Java Threads: ( => current thread )
  0x0000029e0a169260 JavaThread "main"                              [_thread_blocked, id=12464, stack(0x000000a422100000,0x000000a422200000) (1024K)]
  0x0000029e653b4fd0 JavaThread "Reference Handler"          daemon [_thread_blocked, id=9556, stack(0x000000a422500000,0x000000a422600000) (1024K)]
  0x0000029e653b7240 JavaThread "Finalizer"                  daemon [_thread_blocked, id=16948, stack(0x000000a422600000,0x000000a422700000) (1024K)]
  0x0000029e653bd010 JavaThread "Signal Dispatcher"          daemon [_thread_blocked, id=17280, stack(0x000000a422700000,0x000000a422800000) (1024K)]
  0x0000029e653bdb10 JavaThread "Attach Listener"            daemon [_thread_blocked, id=2944, stack(0x000000a422800000,0x000000a422900000) (1024K)]
  0x0000029e653c3650 JavaThread "Service Thread"             daemon [_thread_blocked, id=19252, stack(0x000000a422900000,0x000000a422a00000) (1024K)]
  0x0000029e653c9e70 JavaThread "Monitor Deflation Thread"   daemon [_thread_blocked, id=7200, stack(0x000000a422a00000,0x000000a422b00000) (1024K)]
  0x0000029e653ce570 JavaThread "C2 CompilerThread0"         daemon [_thread_blocked, id=8420, stack(0x000000a422b00000,0x000000a422c00000) (1024K)]
  0x0000029e653d10c0 JavaThread "C1 CompilerThread0"         daemon [_thread_blocked, id=1572, stack(0x000000a422c00000,0x000000a422d00000) (1024K)]
  0x0000029e654997f0 JavaThread "Common-Cleaner"             daemon [_thread_blocked, id=17504, stack(0x000000a422d00000,0x000000a422e00000) (1024K)]
  0x0000029e6b018570 JavaThread "Notification Thread"        daemon [_thread_blocked, id=2256, stack(0x000000a422f00000,0x000000a423000000) (1024K)]
  0x0000029e6b51e2c0 JavaThread "Active Thread: Equinox Container: 66bc1270-dbfd-44df-99ee-5bdf43393936"        [_thread_blocked, id=6996, stack(0x000000a423700000,0x000000a423800000) (1024K)]
  0x0000029e65519a70 JavaThread "Framework Event Dispatcher: Equinox Container: 66bc1270-dbfd-44df-99ee-5bdf43393936" daemon [_thread_blocked, id=13148, stack(0x000000a422e00000,0x000000a422f00000) (1024K)]
  0x0000029e6b863580 JavaThread "Start Level: Equinox Container: 66bc1270-dbfd-44df-99ee-5bdf43393936" daemon [_thread_in_vm, id=9680, stack(0x000000a423000000,0x000000a423100000) (1024K)]
  0x0000029e6b0d3090 JavaThread "SCR Component Actor"        daemon [_thread_blocked, id=4840, stack(0x000000a423900000,0x000000a423a00000) (1024K)]
=>0x0000029e6b925010 JavaThread "C2 CompilerThread1"         daemon [_thread_in_native, id=18392, stack(0x000000a423b00000,0x000000a423c00000) (1024K)]
  0x0000029e6ba73ab0 JavaThread "Worker-JM"                         [_thread_blocked, id=2812, stack(0x000000a423c00000,0x000000a423d00000) (1024K)]
  0x0000029e6b9b6f10 JavaThread "Worker-0"                          [_thread_blocked, id=14240, stack(0x000000a423f00000,0x000000a424000000) (1024K)]
  0x0000029e6bfa9f50 JavaThread "Worker-1"                          [_thread_blocked, id=17688, stack(0x000000a424000000,0x000000a424100000) (1024K)]
  0x0000029e6556d030 JavaThread "C2 CompilerThread2"         daemon [_thread_blocked, id=18480, stack(0x000000a424100000,0x000000a424200000) (1024K)]
  0x0000029e6bfa7e80 JavaThread "Worker-2"                          [_thread_blocked, id=5772, stack(0x000000a423a00000,0x000000a423b00000) (1024K)]
Total: 21

Other Threads:
  0x0000029e653b4ac0 VMThread "VM Thread"                           [id=5816, stack(0x000000a422400000,0x000000a422500000) (1024K)]
  0x0000029e2357ca10 WatcherThread "VM Periodic Task Thread"        [id=5532, stack(0x000000a422300000,0x000000a422400000) (1024K)]
  0x0000029e0cc5f2a0 WorkerThread "GC Thread#0"                     [id=4916, stack(0x000000a422200000,0x000000a422300000) (1024K)]
  0x0000029e6b5cd8a0 WorkerThread "GC Thread#1"                     [id=5912, stack(0x000000a423100000,0x000000a423200000) (1024K)]
  0x0000029e6b5268c0 WorkerThread "GC Thread#2"                     [id=15928, stack(0x000000a423200000,0x000000a423300000) (1024K)]
  0x0000029e6ba87640 WorkerThread "GC Thread#3"                     [id=16468, stack(0x000000a423300000,0x000000a423400000) (1024K)]
  0x0000029e6ba879e0 WorkerThread "GC Thread#4"                     [id=11568, stack(0x000000a423400000,0x000000a423500000) (1024K)]
  0x0000029e6b5391d0 WorkerThread "GC Thread#5"                     [id=7672, stack(0x000000a423500000,0x000000a423600000) (1024K)]
  0x0000029e6b539570 WorkerThread "GC Thread#6"                     [id=7832, stack(0x000000a423600000,0x000000a423700000) (1024K)]
  0x0000029e6b767050 WorkerThread "GC Thread#7"                     [id=19004, stack(0x000000a423800000,0x000000a423900000) (1024K)]
  0x0000029e6b9b2690 WorkerThread "GC Thread#8"                     [id=5172, stack(0x000000a423d00000,0x000000a423e00000) (1024K)]
  0x0000029e6b9b22f0 WorkerThread "GC Thread#9"                     [id=9144, stack(0x000000a423e00000,0x000000a423f00000) (1024K)]
Total: 12

Threads with active compile tasks:
C2 CompilerThread1  11566 2488       4       org.lombokweb.asm.ClassReader::readMethod (1070 bytes)
Total: 1

VM state: not at safepoint (normal execution)

VM Mutex/Monitor currently owned by a thread:  ([mutex/lock_event])
[0x00007ffdba543458] Metaspace_lock - owner thread: 0x0000029e6b863580

Heap address: 0x0000000080000000, size: 2048 MB, Compressed Oops mode: 32-bit

CDS archive(s) mapped at: [0x0000029e24000000-0x0000029e24ba0000-0x0000029e24ba0000), size 12189696, SharedBaseAddress: 0x0000029e24000000, ArchiveRelocationMode: 1.
Compressed class space mapped at: 0x0000029e25000000-0x0000029e65000000, reserved size: 1073741824
Narrow klass base: 0x0000029e24000000, Narrow klass shift: 0, Narrow klass range: 0x100000000

GC Precious Log:
 CardTable entry size: 512
 CPUs: 12 total, 12 available
 Memory: 16016M
 Large Page Support: Disabled
 NUMA Support: Disabled
 Compressed Oops: Enabled (32-bit)
 Alignments: Space 512K, Generation 512K, Heap 2M
 Heap Min Capacity: 100M
 Heap Initial Capacity: 100M
 Heap Max Capacity: 2G
 Pre-touch: Disabled
 Parallel Workers: 10

Heap:
 PSYoungGen      total 30720K, used 18698K [0x00000000d5580000, 0x00000000d7900000, 0x0000000100000000)
  eden space 25088K, 74% used [0x00000000d5580000,0x00000000d67c2a20,0x00000000d6e00000)
  from space 5632K, 0% used [0x00000000d7380000,0x00000000d7380000,0x00000000d7900000)
  to   space 5632K, 0% used [0x00000000d6e00000,0x00000000d6e00000,0x00000000d7380000)
 ParOldGen       total 68608K, used 9983K [0x0000000080000000, 0x0000000084300000, 0x00000000d5580000)
  object space 68608K, 14% used [0x0000000080000000,0x00000000809bff70,0x0000000084300000)
 Metaspace       used 24202K, committed 24896K, reserved 1114112K
  class space    used 2357K, committed 2688K, reserved 1048576K

Card table byte_map: [0x0000029e0c590000,0x0000029e0c9a0000] _byte_map_base: 0x0000029e0c190000

Marking Bits: (ParMarkBitMap*) 0x00007ffdba54a340
 Begin Bits: [0x0000029e1f060000, 0x0000029e21060000)
 End Bits:   [0x0000029e21060000, 0x0000029e23060000)

Polling page: 0x0000029e0c380000

Metaspace:

Usage:
  Non-class:     21.33 MB used.
      Class:      2.30 MB used.
       Both:     23.63 MB used.

Virtual space:
  Non-class space:       64.00 MB reserved,      21.69 MB ( 34%) committed,  1 nodes.
      Class space:        1.00 GB reserved,       2.62 MB ( <1%) committed,  1 nodes.
             Both:        1.06 GB reserved,      24.31 MB (  2%) committed. 

Chunk freelists:
   Non-Class:  10.11 MB
       Class:  13.38 MB
        Both:  23.48 MB

MaxMetaspaceSize: unlimited
CompressedClassSpaceSize: 1.00 GB
Initial GC threshold: 21.00 MB
Current GC threshold: 35.00 MB
CDS: on
 - commit_granule_bytes: 65536.
 - commit_granule_words: 8192.
 - virtual_space_node_default_size: 8388608.
 - enlarge_chunks_in_place: 1.
 - use_allocation_guard: 0.


Internal statistics:

num_allocs_failed_limit: 3.
num_arena_births: 488.
num_arena_deaths: 14.
num_vsnodes_births: 2.
num_vsnodes_deaths: 0.
num_space_committed: 389.
num_space_uncommitted: 0.
num_chunks_returned_to_freelist: 17.
num_chunks_taken_from_freelist: 1342.
num_chunk_merges: 8.
num_chunk_splits: 893.
num_chunks_enlarged: 604.
num_inconsistent_stats: 0.

CodeHeap 'non-profiled nmethods': size=120000Kb used=1301Kb max_used=1301Kb free=118698Kb
 bounds [0x0000029e17880000, 0x0000029e17af0000, 0x0000029e1edb0000]
CodeHeap 'profiled nmethods': size=120000Kb used=5637Kb max_used=5637Kb free=114362Kb
 bounds [0x0000029e0fdb0000, 0x0000029e10340000, 0x0000029e172e0000]
CodeHeap 'non-nmethods': size=5760Kb used=1325Kb max_used=1347Kb free=4434Kb
 bounds [0x0000029e172e0000, 0x0000029e17550000, 0x0000029e17880000]
CodeCache: size=245760Kb, used=8263Kb, max_used=8285Kb, free=237494Kb
 total_blobs=3502, nmethods=2891, adapters=517, full_count=0
Compilation: enabled, stopped_count=0, restarted_count=0

Compilation events (20 events):
Event: 10.092 Thread 0x0000029e653d10c0 nmethod 2865 0x0000029e179bf610 code [0x0000029e179bf7a0, 0x0000029e179bf868]
Event: 10.092 Thread 0x0000029e653d10c0 2875       3       com.sun.org.apache.xerces.internal.dom.NodeImpl::needsSyncChildren (15 bytes)
Event: 10.092 Thread 0x0000029e653d10c0 nmethod 2875 0x0000029e10321a90 code [0x0000029e10321c20, 0x0000029e10321d88]
Event: 10.092 Thread 0x0000029e653d10c0 2877       1       org.eclipse.text.templates.TemplatePersistenceData::getId (5 bytes)
Event: 10.092 Thread 0x0000029e653d10c0 nmethod 2877 0x0000029e179bf910 code [0x0000029e179bfaa0, 0x0000029e179bfb68]
Event: 10.092 Thread 0x0000029e653ce570 nmethod 2842 0x0000029e179bfc10 code [0x0000029e179bfde0, 0x0000029e179c0298]
Event: 10.092 Thread 0x0000029e653ce570 2844       4       java.util.TreeMap::putIfAbsent (8 bytes)
Event: 10.093 Thread 0x0000029e6556d030 nmethod 2843 0x0000029e179c0590 code [0x0000029e179c0760, 0x0000029e179c0d30]
Event: 10.093 Thread 0x0000029e6556d030 2852       4       java.util.TreeMap::rotateLeft (96 bytes)
Event: 10.093 Thread 0x0000029e653ce570 nmethod 2844 0x0000029e179c1190 code [0x0000029e179c1320, 0x0000029e179c13d8]
Event: 10.093 Thread 0x0000029e653ce570 2835       4       java.lang.invoke.MethodType::equals (25 bytes)
Event: 10.093 Thread 0x0000029e6556d030 nmethod 2852 0x0000029e179c1490 code [0x0000029e179c1620, 0x0000029e179c1780]
Event: 10.093 Thread 0x0000029e6556d030 2848       4       java.util.TreeMap::clear (21 bytes)
Event: 10.093 Thread 0x0000029e6556d030 nmethod 2848 0x0000029e179c1890 code [0x0000029e179c1a20, 0x0000029e179c1ab0]
Event: 10.095 Thread 0x0000029e653ce570 nmethod 2835 0x0000029e179c1b90 code [0x0000029e179c1d40, 0x0000029e179c1f00]
Event: 10.096 Thread 0x0000029e653d10c0 2878       3       java.util.regex.Pattern$Node::<init> (12 bytes)
Event: 10.097 Thread 0x0000029e653d10c0 nmethod 2878 0x0000029e10321e10 code [0x0000029e10321fc0, 0x0000029e10322148]
Event: 10.098 Thread 0x0000029e6556d030 2879       4       java.util.HashSet::add (20 bytes)
Event: 10.365 Thread 0x0000029e653d10c0 2880       3       java.util.concurrent.locks.AbstractQueuedSynchronizer::casTail (13 bytes)
Event: 10.365 Thread 0x0000029e653d10c0 nmethod 2880 0x0000029e10322210 code [0x0000029e103223a0, 0x0000029e103224e0]

GC Heap History (14 events):
Event: 1.714 GC heap before
{Heap before GC invocations=1 (full 0):
 PSYoungGen      total 29696K, used 25600K [0x00000000d5580000, 0x00000000d7680000, 0x0000000100000000)
  eden space 25600K, 100% used [0x00000000d5580000,0x00000000d6e80000,0x00000000d6e80000)
  from space 4096K, 0% used [0x00000000d7280000,0x00000000d7280000,0x00000000d7680000)
  to   space 4096K, 0% used [0x00000000d6e80000,0x00000000d6e80000,0x00000000d7280000)
 ParOldGen       total 68608K, used 0K [0x0000000080000000, 0x0000000084300000, 0x00000000d5580000)
  object space 68608K, 0% used [0x0000000080000000,0x0000000080000000,0x0000000084300000)
 Metaspace       used 4252K, committed 4544K, reserved 1114112K
  class space    used 469K, committed 576K, reserved 1048576K
}
Event: 1.720 GC heap after
{Heap after GC invocations=1 (full 0):
 PSYoungGen      total 29696K, used 3303K [0x00000000d5580000, 0x00000000d7680000, 0x0000000100000000)
  eden space 25600K, 0% used [0x00000000d5580000,0x00000000d5580000,0x00000000d6e80000)
  from space 4096K, 80% used [0x00000000d6e80000,0x00000000d71b9e18,0x00000000d7280000)
  to   space 4096K, 0% used [0x00000000d7280000,0x00000000d7280000,0x00000000d7680000)
 ParOldGen       total 68608K, used 16K [0x0000000080000000, 0x0000000084300000, 0x00000000d5580000)
  object space 68608K, 0% used [0x0000000080000000,0x0000000080004000,0x0000000084300000)
 Metaspace       used 4252K, committed 4544K, reserved 1114112K
  class space    used 469K, committed 576K, reserved 1048576K
}
Event: 3.037 GC heap before
{Heap before GC invocations=2 (full 0):
 PSYoungGen      total 29696K, used 28903K [0x00000000d5580000, 0x00000000d7680000, 0x0000000100000000)
  eden space 25600K, 100% used [0x00000000d5580000,0x00000000d6e80000,0x00000000d6e80000)
  from space 4096K, 80% used [0x00000000d6e80000,0x00000000d71b9e18,0x00000000d7280000)
  to   space 4096K, 0% used [0x00000000d7280000,0x00000000d7280000,0x00000000d7680000)
 ParOldGen       total 68608K, used 16K [0x0000000080000000, 0x0000000084300000, 0x00000000d5580000)
  object space 68608K, 0% used [0x0000000080000000,0x0000000080004000,0x0000000084300000)
 Metaspace       used 8120K, committed 8448K, reserved 1114112K
  class space    used 870K, committed 1024K, reserved 1048576K
}
Event: 3.042 GC heap after
{Heap after GC invocations=2 (full 0):
 PSYoungGen      total 29696K, used 4075K [0x00000000d5580000, 0x00000000d7680000, 0x0000000100000000)
  eden space 25600K, 0% used [0x00000000d5580000,0x00000000d5580000,0x00000000d6e80000)
  from space 4096K, 99% used [0x00000000d7280000,0x00000000d767af70,0x00000000d7680000)
  to   space 4096K, 0% used [0x00000000d6e80000,0x00000000d6e80000,0x00000000d7280000)
 ParOldGen       total 68608K, used 952K [0x0000000080000000, 0x0000000084300000, 0x00000000d5580000)
  object space 68608K, 1% used [0x0000000080000000,0x00000000800ee3f8,0x0000000084300000)
 Metaspace       used 8120K, committed 8448K, reserved 1114112K
  class space    used 870K, committed 1024K, reserved 1048576K
}
Event: 3.375 GC heap before
{Heap before GC invocations=3 (full 0):
 PSYoungGen      total 29696K, used 29675K [0x00000000d5580000, 0x00000000d7680000, 0x0000000100000000)
  eden space 25600K, 100% used [0x00000000d5580000,0x00000000d6e80000,0x00000000d6e80000)
  from space 4096K, 99% used [0x00000000d7280000,0x00000000d767af70,0x00000000d7680000)
  to   space 4096K, 0% used [0x00000000d6e80000,0x00000000d6e80000,0x00000000d7280000)
 ParOldGen       total 68608K, used 952K [0x0000000080000000, 0x0000000084300000, 0x00000000d5580000)
  object space 68608K, 1% used [0x0000000080000000,0x00000000800ee3f8,0x0000000084300000)
 Metaspace       used 12914K, committed 13440K, reserved 1114112K
  class space    used 1376K, committed 1600K, reserved 1048576K
}
Event: 3.380 GC heap after
{Heap after GC invocations=3 (full 0):
 PSYoungGen      total 29696K, used 4085K [0x00000000d5580000, 0x00000000d7680000, 0x0000000100000000)
  eden space 25600K, 0% used [0x00000000d5580000,0x00000000d5580000,0x00000000d6e80000)
  from space 4096K, 99% used [0x00000000d6e80000,0x00000000d727d6f0,0x00000000d7280000)
  to   space 4096K, 0% used [0x00000000d7280000,0x00000000d7280000,0x00000000d7680000)
 ParOldGen       total 68608K, used 2676K [0x0000000080000000, 0x0000000084300000, 0x00000000d5580000)
  object space 68608K, 3% used [0x0000000080000000,0x000000008029d0f8,0x0000000084300000)
 Metaspace       used 12914K, committed 13440K, reserved 1114112K
  class space    used 1376K, committed 1600K, reserved 1048576K
}
Event: 3.585 GC heap before
{Heap before GC invocations=4 (full 0):
 PSYoungGen      total 29696K, used 29497K [0x00000000d5580000, 0x00000000d7680000, 0x0000000100000000)
  eden space 25600K, 99% used [0x00000000d5580000,0x00000000d6e50e80,0x00000000d6e80000)
  from space 4096K, 99% used [0x00000000d6e80000,0x00000000d727d6f0,0x00000000d7280000)
  to   space 4096K, 0% used [0x00000000d7280000,0x00000000d7280000,0x00000000d7680000)
 ParOldGen       total 68608K, used 2676K [0x0000000080000000, 0x0000000084300000, 0x00000000d5580000)
  object space 68608K, 3% used [0x0000000080000000,0x000000008029d0f8,0x0000000084300000)
 Metaspace       used 15958K, committed 16640K, reserved 1114112K
  class space    used 1673K, committed 1984K, reserved 1048576K
}
Event: 3.588 GC heap after
{Heap after GC invocations=4 (full 0):
 PSYoungGen      total 29696K, used 4088K [0x00000000d5580000, 0x00000000d7680000, 0x0000000100000000)
  eden space 25600K, 0% used [0x00000000d5580000,0x00000000d5580000,0x00000000d6e80000)
  from space 4096K, 99% used [0x00000000d7280000,0x00000000d767e0c0,0x00000000d7680000)
  to   space 4096K, 0% used [0x00000000d6e80000,0x00000000d6e80000,0x00000000d7280000)
 ParOldGen       total 68608K, used 5600K [0x0000000080000000, 0x0000000084300000, 0x00000000d5580000)
  object space 68608K, 8% used [0x0000000080000000,0x0000000080578080,0x0000000084300000)
 Metaspace       used 15958K, committed 16640K, reserved 1114112K
  class space    used 1673K, committed 1984K, reserved 1048576K
}
Event: 3.706 GC heap before
{Heap before GC invocations=5 (full 0):
 PSYoungGen      total 29696K, used 29669K [0x00000000d5580000, 0x00000000d7680000, 0x0000000100000000)
  eden space 25600K, 99% used [0x00000000d5580000,0x00000000d6e7b4c0,0x00000000d6e80000)
  from space 4096K, 99% used [0x00000000d7280000,0x00000000d767e0c0,0x00000000d7680000)
  to   space 4096K, 0% used [0x00000000d6e80000,0x00000000d6e80000,0x00000000d7280000)
 ParOldGen       total 68608K, used 5600K [0x0000000080000000, 0x0000000084300000, 0x00000000d5580000)
  object space 68608K, 8% used [0x0000000080000000,0x0000000080578080,0x0000000084300000)
 Metaspace       used 20007K, committed 20736K, reserved 1114112K
  class space    used 1970K, committed 2304K, reserved 1048576K
}
Event: 3.707 GC heap after
{Heap after GC invocations=5 (full 0):
 PSYoungGen      total 29184K, used 4066K [0x00000000d5580000, 0x00000000d7900000, 0x0000000100000000)
  eden space 25088K, 0% used [0x00000000d5580000,0x00000000d5580000,0x00000000d6e00000)
  from space 4096K, 99% used [0x00000000d6e80000,0x00000000d72789f0,0x00000000d7280000)
  to   space 5632K, 0% used [0x00000000d7380000,0x00000000d7380000,0x00000000d7900000)
 ParOldGen       total 68608K, used 5648K [0x0000000080000000, 0x0000000084300000, 0x00000000d5580000)
  object space 68608K, 8% used [0x0000000080000000,0x0000000080584080,0x0000000084300000)
 Metaspace       used 20007K, committed 20736K, reserved 1114112K
  class space    used 1970K, committed 2304K, reserved 1048576K
}
Event: 9.852 GC heap before
{Heap before GC invocations=6 (full 0):
 PSYoungGen      total 29184K, used 23484K [0x00000000d5580000, 0x00000000d7900000, 0x0000000100000000)
  eden space 25088K, 77% used [0x00000000d5580000,0x00000000d6876808,0x00000000d6e00000)
  from space 4096K, 99% used [0x00000000d6e80000,0x00000000d72789f0,0x00000000d7280000)
  to   space 5632K, 0% used [0x00000000d7380000,0x00000000d7380000,0x00000000d7900000)
 ParOldGen       total 68608K, used 5648K [0x0000000080000000, 0x0000000084300000, 0x00000000d5580000)
  object space 68608K, 8% used [0x0000000080000000,0x0000000080584080,0x0000000084300000)
 Metaspace       used 20872K, committed 21504K, reserved 1114112K
  class space    used 2017K, committed 2304K, reserved 1048576K
}
Event: 9.856 GC heap after
{Heap after GC invocations=6 (full 0):
 PSYoungGen      total 30720K, used 5312K [0x00000000d5580000, 0x00000000d7900000, 0x0000000100000000)
  eden space 25088K, 0% used [0x00000000d5580000,0x00000000d5580000,0x00000000d6e00000)
  from space 5632K, 94% used [0x00000000d7380000,0x00000000d78b0340,0x00000000d7900000)
  to   space 5632K, 0% used [0x00000000d6e00000,0x00000000d6e00000,0x00000000d7380000)
 ParOldGen       total 68608K, used 6437K [0x0000000080000000, 0x0000000084300000, 0x00000000d5580000)
  object space 68608K, 9% used [0x0000000080000000,0x0000000080649590,0x0000000084300000)
 Metaspace       used 20872K, committed 21504K, reserved 1114112K
  class space    used 2017K, committed 2304K, reserved 1048576K
}
Event: 9.856 GC heap before
{Heap before GC invocations=7 (full 1):
 PSYoungGen      total 30720K, used 5312K [0x00000000d5580000, 0x00000000d7900000, 0x0000000100000000)
  eden space 25088K, 0% used [0x00000000d5580000,0x00000000d5580000,0x00000000d6e00000)
  from space 5632K, 94% used [0x00000000d7380000,0x00000000d78b0340,0x00000000d7900000)
  to   space 5632K, 0% used [0x00000000d6e00000,0x00000000d6e00000,0x00000000d7380000)
 ParOldGen       total 68608K, used 6437K [0x0000000080000000, 0x0000000084300000, 0x00000000d5580000)
  object space 68608K, 9% used [0x0000000080000000,0x0000000080649590,0x0000000084300000)
 Metaspace       used 20872K, committed 21504K, reserved 1114112K
  class space    used 2017K, committed 2304K, reserved 1048576K
}
Event: 9.871 GC heap after
{Heap after GC invocations=7 (full 1):
 PSYoungGen      total 30720K, used 0K [0x00000000d5580000, 0x00000000d7900000, 0x0000000100000000)
  eden space 25088K, 0% used [0x00000000d5580000,0x00000000d5580000,0x00000000d6e00000)
  from space 5632K, 0% used [0x00000000d7380000,0x00000000d7380000,0x00000000d7900000)
  to   space 5632K, 0% used [0x00000000d6e00000,0x00000000d6e00000,0x00000000d7380000)
 ParOldGen       total 68608K, used 9983K [0x0000000080000000, 0x0000000084300000, 0x00000000d5580000)
  object space 68608K, 14% used [0x0000000080000000,0x00000000809bff70,0x0000000084300000)
 Metaspace       used 20859K, committed 21504K, reserved 1114112K
  class space    used 2013K, committed 2304K, reserved 1048576K
}

Dll operation events (11 events):
Event: 0.067 Loaded shared library c:\Users\Etudiant\.vscode\extensions\redhat.java-1.46.2025091808-win32-x64\jre\21.0.8-win32-x86_64\bin\java.dll
Event: 0.180 Loaded shared library c:\Users\Etudiant\.vscode\extensions\redhat.java-1.46.2025091808-win32-x64\jre\21.0.8-win32-x86_64\bin\zip.dll
Event: 0.198 Loaded shared library C:\Users\Etudiant\.vscode\extensions\redhat.java-1.46.2025091808-win32-x64\jre\21.0.8-win32-x86_64\bin\instrument.dll
Event: 0.214 Loaded shared library C:\Users\Etudiant\.vscode\extensions\redhat.java-1.46.2025091808-win32-x64\jre\21.0.8-win32-x86_64\bin\net.dll
Event: 0.225 Loaded shared library C:\Users\Etudiant\.vscode\extensions\redhat.java-1.46.2025091808-win32-x64\jre\21.0.8-win32-x86_64\bin\nio.dll
Event: 0.230 Loaded shared library C:\Users\Etudiant\.vscode\extensions\redhat.java-1.46.2025091808-win32-x64\jre\21.0.8-win32-x86_64\bin\zip.dll
Event: 0.241 Loaded shared library C:\Users\Etudiant\.vscode\extensions\redhat.java-1.46.2025091808-win32-x64\jre\21.0.8-win32-x86_64\bin\jimage.dll
Event: 0.291 Loaded shared library c:\Users\Etudiant\.vscode\extensions\redhat.java-1.46.2025091808-win32-x64\jre\21.0.8-win32-x86_64\bin\verify.dll
Event: 3.043 Loaded shared library C:\Users\Etudiant\AppData\Roaming\Code\User\globalStorage\redhat.java\1.46.2025091808\config_ss_win\org.eclipse.equinox.launcher\org.eclipse.equinox.launcher.win32.win32.x86_64_1.2.1400.v20250801-0854\eclipse_11916.dll
Event: 3.418 Loaded shared library C:\Users\Etudiant\.vscode\extensions\redhat.java-1.46.2025091808-win32-x64\jre\21.0.8-win32-x86_64\bin\management.dll
Event: 3.429 Loaded shared library C:\Users\Etudiant\.vscode\extensions\redhat.java-1.46.2025091808-win32-x64\jre\21.0.8-win32-x86_64\bin\management_ext.dll

Deoptimization events (20 events):
Event: 9.909 Thread 0x0000029e6b863580 Uncommon trap: trap_request=0xffffffc6 fr.pc=0x0000029e1792da20 relative=0x0000000000000aa0
Event: 9.909 Thread 0x0000029e6b863580 Uncommon trap: reason=bimorphic_or_optimized_type_check action=maybe_recompile pc=0x0000029e1792da20 method=java.util.HashMap.putVal(ILjava/lang/Object;Ljava/lang/Object;ZZ)Ljava/lang/Object; @ 56 c2
Event: 9.909 Thread 0x0000029e6b863580 DEOPT PACKING pc=0x0000029e1792da20 sp=0x000000a4230fd960
Event: 9.909 Thread 0x0000029e6b863580 DEOPT UNPACKING pc=0x0000029e17333aa2 sp=0x000000a4230fd860 mode 2
Event: 9.909 Thread 0x0000029e6b863580 Uncommon trap: trap_request=0xffffffc6 fr.pc=0x0000029e1792da20 relative=0x0000000000000aa0
Event: 9.909 Thread 0x0000029e6b863580 Uncommon trap: reason=bimorphic_or_optimized_type_check action=maybe_recompile pc=0x0000029e1792da20 method=java.util.HashMap.putVal(ILjava/lang/Object;Ljava/lang/Object;ZZ)Ljava/lang/Object; @ 56 c2
Event: 9.909 Thread 0x0000029e6b863580 DEOPT PACKING pc=0x0000029e1792da20 sp=0x000000a4230fd960
Event: 9.909 Thread 0x0000029e6b863580 DEOPT UNPACKING pc=0x0000029e17333aa2 sp=0x000000a4230fd860 mode 2
Event: 9.909 Thread 0x0000029e6b863580 Uncommon trap: trap_request=0xffffffc6 fr.pc=0x0000029e1792da8c relative=0x0000000000000b0c
Event: 9.909 Thread 0x0000029e6b863580 Uncommon trap: reason=bimorphic_or_optimized_type_check action=maybe_recompile pc=0x0000029e1792da8c method=java.util.HashMap.putVal(ILjava/lang/Object;Ljava/lang/Object;ZZ)Ljava/lang/Object; @ 152 c2
Event: 9.909 Thread 0x0000029e6b863580 DEOPT PACKING pc=0x0000029e1792da8c sp=0x000000a4230fd960
Event: 9.909 Thread 0x0000029e6b863580 DEOPT UNPACKING pc=0x0000029e17333aa2 sp=0x000000a4230fd868 mode 2
Event: 9.909 Thread 0x0000029e6b863580 Uncommon trap: trap_request=0xffffffc6 fr.pc=0x0000029e1792da20 relative=0x0000000000000aa0
Event: 9.909 Thread 0x0000029e6b863580 Uncommon trap: reason=bimorphic_or_optimized_type_check action=maybe_recompile pc=0x0000029e1792da20 method=java.util.HashMap.putVal(ILjava/lang/Object;Ljava/lang/Object;ZZ)Ljava/lang/Object; @ 56 c2
Event: 9.909 Thread 0x0000029e6b863580 DEOPT PACKING pc=0x0000029e1792da20 sp=0x000000a4230fd960
Event: 9.909 Thread 0x0000029e6b863580 DEOPT UNPACKING pc=0x0000029e17333aa2 sp=0x000000a4230fd860 mode 2
Event: 9.924 Thread 0x0000029e6b863580 Uncommon trap: trap_request=0xffffff45 fr.pc=0x0000029e17983100 relative=0x00000000000003a0
Event: 9.924 Thread 0x0000029e6b863580 Uncommon trap: reason=unstable_if action=reinterpret pc=0x0000029e17983100 method=java.util.regex.Pattern$BmpCharPropertyGreedy.match(Ljava/util/regex/Matcher;ILjava/lang/CharSequence;)Z @ 12 c2
Event: 9.924 Thread 0x0000029e6b863580 DEOPT PACKING pc=0x0000029e17983100 sp=0x000000a4230fd580
Event: 9.924 Thread 0x0000029e6b863580 DEOPT UNPACKING pc=0x0000029e17333aa2 sp=0x000000a4230fd518 mode 2

Classes loaded (20 events):
Event: 10.087 Loading class com/sun/org/apache/xerces/internal/dom/DeferredDocumentImpl
Event: 10.087 Loading class com/sun/org/apache/xerces/internal/dom/DeferredNode
Event: 10.087 Loading class com/sun/org/apache/xerces/internal/dom/DeferredNode done
Event: 10.087 Loading class com/sun/org/apache/xerces/internal/dom/DeferredDocumentImpl done
Event: 10.087 Loading class com/sun/org/apache/xerces/internal/dom/DeferredDocumentImpl$RefCount
Event: 10.087 Loading class com/sun/org/apache/xerces/internal/dom/DeferredDocumentImpl$RefCount done
Event: 10.089 Loading class com/sun/org/apache/xerces/internal/dom/DeepNodeListImpl
Event: 10.089 Loading class com/sun/org/apache/xerces/internal/dom/DeepNodeListImpl done
Event: 10.089 Loading class com/sun/org/apache/xerces/internal/dom/DeferredElementImpl
Event: 10.089 Loading class com/sun/org/apache/xerces/internal/dom/DeferredElementImpl done
Event: 10.089 Loading class com/sun/org/apache/xerces/internal/dom/DeferredAttrImpl
Event: 10.089 Loading class com/sun/org/apache/xerces/internal/dom/DeferredAttrImpl done
Event: 10.090 Loading class com/sun/org/apache/xerces/internal/dom/DeferredTextImpl
Event: 10.090 Loading class com/sun/org/apache/xerces/internal/dom/DeferredTextImpl done
Event: 10.097 Loading class java/lang/StackTraceElement$HashedModules
Event: 10.098 Loading class java/lang/StackTraceElement$HashedModules done
Event: 10.100 Loading class sun/nio/cs/UTF_8$Encoder
Event: 10.100 Loading class sun/nio/cs/UTF_8$Encoder done
Event: 10.101 Loading class java/io/FileOutputStream$1
Event: 10.101 Loading class java/io/FileOutputStream$1 done

Classes unloaded (7 events):
Event: 9.860 Thread 0x0000029e653b4ac0 Unloading class 0x0000029e2518c000 'java/lang/invoke/LambdaForm$MH+0x0000029e2518c000'
Event: 9.860 Thread 0x0000029e653b4ac0 Unloading class 0x0000029e2518bc00 'java/lang/invoke/LambdaForm$MH+0x0000029e2518bc00'
Event: 9.860 Thread 0x0000029e653b4ac0 Unloading class 0x0000029e2518b800 'java/lang/invoke/LambdaForm$MH+0x0000029e2518b800'
Event: 9.860 Thread 0x0000029e653b4ac0 Unloading class 0x0000029e2518b400 'java/lang/invoke/LambdaForm$MH+0x0000029e2518b400'
Event: 9.860 Thread 0x0000029e653b4ac0 Unloading class 0x0000029e2518b000 'java/lang/invoke/LambdaForm$BMH+0x0000029e2518b000'
Event: 9.860 Thread 0x0000029e653b4ac0 Unloading class 0x0000029e2518ac00 'java/lang/invoke/LambdaForm$DMH+0x0000029e2518ac00'
Event: 9.860 Thread 0x0000029e653b4ac0 Unloading class 0x0000029e25189800 'java/lang/invoke/LambdaForm$DMH+0x0000029e25189800'

Classes redefined (0 events):
No events

Internal exceptions (20 events):
Event: 3.508 Thread 0x0000029e6b9b6f10 Exception <a 'java/lang/NoSuchMethodError'{0x00000000d5ea9170}: 'java.lang.Object java.lang.invoke.DirectMethodHandle$Holder.invokeSpecial(java.lang.Object, java.lang.Object, java.lang.Object, int, java.lang.Object)'> (0x00000000d5ea9170) 
thrown [s\src\hotspot\share\interpreter\linkResolver.cpp, line 773]
Event: 3.518 Thread 0x0000029e6b863580 Exception <a 'java/lang/NoSuchMethodError'{0x00000000d60cd5c8}: 'void java.lang.invoke.DirectMethodHandle$Holder.invokeSpecial(java.lang.Object, java.lang.Object, java.lang.Object, java.lang.Object, java.lang.Object)'> (0x00000000d60cd5c8) 
thrown [s\src\hotspot\share\interpreter\linkResolver.cpp, line 773]
Event: 3.538 Thread 0x0000029e6b863580 Exception <a 'java/lang/NoSuchMethodError'{0x00000000d62cf7b8}: 'double java.lang.invoke.DirectMethodHandle$Holder.invokeStatic(java.lang.Object, java.lang.Object)'> (0x00000000d62cf7b8) 
thrown [s\src\hotspot\share\interpreter\linkResolver.cpp, line 773]
Event: 3.538 Thread 0x0000029e6b863580 Exception <a 'java/lang/NoSuchMethodError'{0x00000000d62d2e78}: 'double java.lang.invoke.DirectMethodHandle$Holder.invokeStaticInit(java.lang.Object, java.lang.Object)'> (0x00000000d62d2e78) 
thrown [s\src\hotspot\share\interpreter\linkResolver.cpp, line 773]
Event: 3.599 Thread 0x0000029e6b863580 Exception <a 'java/io/FileNotFoundException'{0x00000000d59f5cb0}> (0x00000000d59f5cb0) 
thrown [s\src\hotspot\share\prims\jni.cpp, line 520]
Event: 3.600 Thread 0x0000029e6b863580 Exception <a 'java/io/FileNotFoundException'{0x00000000d59f6ad8}> (0x00000000d59f6ad8) 
thrown [s\src\hotspot\share\prims\jni.cpp, line 520]
Event: 3.600 Thread 0x0000029e6b863580 Exception <a 'java/io/FileNotFoundException'{0x00000000d59f7a00}> (0x00000000d59f7a00) 
thrown [s\src\hotspot\share\prims\jni.cpp, line 520]
Event: 3.661 Thread 0x0000029e6b863580 Exception <a 'java/lang/NoSuchMethodError'{0x00000000d636c4c8}: 'int java.lang.invoke.DirectMethodHandle$Holder.invokeStaticInit(java.lang.Object, java.lang.Object, java.lang.Object)'> (0x00000000d636c4c8) 
thrown [s\src\hotspot\share\interpreter\linkResolver.cpp, line 773]
Event: 3.712 Thread 0x0000029e6b863580 Exception <a 'java/io/FileNotFoundException'{0x00000000d5621530}> (0x00000000d5621530) 
thrown [s\src\hotspot\share\prims\jni.cpp, line 520]
Event: 3.713 Thread 0x0000029e6b863580 Exception <a 'java/lang/NoSuchMethodError'{0x00000000d56292c8}: 'java.lang.Object java.lang.invoke.DirectMethodHandle$Holder.newInvokeSpecial(java.lang.Object, int, java.lang.Object, java.lang.Object)'> (0x00000000d56292c8) 
thrown [s\src\hotspot\share\interpreter\linkResolver.cpp, line 773]
Event: 3.736 Thread 0x0000029e6b863580 Exception <a 'java/io/FileNotFoundException'{0x00000000d61cc2f8}> (0x00000000d61cc2f8) 
thrown [s\src\hotspot\share\prims\jni.cpp, line 520]
Event: 9.889 Thread 0x0000029e6b863580 Exception <a 'java/io/FileNotFoundException'{0x00000000d56fc030}> (0x00000000d56fc030) 
thrown [s\src\hotspot\share\prims\jni.cpp, line 520]
Event: 9.915 Thread 0x0000029e6b863580 Exception <a 'sun/nio/fs/WindowsException'{0x00000000d58d4718}> (0x00000000d58d4718) 
thrown [s\src\hotspot\share\prims\jni.cpp, line 520]
Event: 9.915 Thread 0x0000029e6b863580 Exception <a 'sun/nio/fs/WindowsException'{0x00000000d58d8410}> (0x00000000d58d8410) 
thrown [s\src\hotspot\share\prims\jni.cpp, line 520]
Event: 9.930 Thread 0x0000029e6b863580 Exception <a 'sun/nio/fs/WindowsException'{0x00000000d59a4080}> (0x00000000d59a4080) 
thrown [s\src\hotspot\share\prims\jni.cpp, line 520]
Event: 9.944 Thread 0x0000029e6b863580 Exception <a 'java/lang/NoSuchMethodError'{0x00000000d5a97c20}: 'java.lang.Object java.lang.invoke.DirectMethodHandle$Holder.invokeStaticInit(java.lang.Object, int, int, int, int)'> (0x00000000d5a97c20) 
thrown [s\src\hotspot\share\interpreter\linkResolver.cpp, line 773]
Event: 9.968 Thread 0x0000029e6b863580 Exception <a 'java/lang/NoSuchMethodError'{0x00000000d5b2eb08}: 'java.lang.Object java.lang.invoke.DirectMethodHandle$Holder.invokeStaticInit(java.lang.Object, java.lang.Object, int, int, int, int)'> (0x00000000d5b2eb08) 
thrown [s\src\hotspot\share\interpreter\linkResolver.cpp, line 773]
Event: 10.006 Thread 0x0000029e6b863580 Exception <a 'sun/nio/fs/WindowsException'{0x00000000d5e4d4c8}> (0x00000000d5e4d4c8) 
thrown [s\src\hotspot\share\prims\jni.cpp, line 520]
Event: 10.006 Thread 0x0000029e6b863580 Exception <a 'sun/nio/fs/WindowsException'{0x00000000d5e557e8}> (0x00000000d5e557e8) 
thrown [s\src\hotspot\share\prims\jni.cpp, line 520]
Event: 10.048 Thread 0x0000029e6b863580 Exception <a 'java/lang/ClassNotFoundException'{0x00000000d612bbe8}: com/sun/org/apache/xml/internal/serializer/spi/XMLEntitiesProvider> (0x00000000d612bbe8) 
thrown [s\src\hotspot\share\classfile\systemDictionary.cpp, line 312]

ZGC Phase Switch (0 events):
No events

VM Operations (20 events):
Event: 4.723 Executing VM operation: Cleanup
Event: 4.755 Executing VM operation: Cleanup done
Event: 5.756 Executing VM operation: Cleanup
Event: 5.756 Executing VM operation: Cleanup done
Event: 9.785 Executing VM operation: Cleanup
Event: 9.785 Executing VM operation: Cleanup done
Event: 9.852 Executing VM operation: CollectForMetadataAllocation (Metadata GC Threshold)
Event: 9.871 Executing VM operation: CollectForMetadataAllocation (Metadata GC Threshold) done
Event: 9.908 Executing VM operation: HandshakeAllThreads (Deoptimize)
Event: 9.908 Executing VM operation: HandshakeAllThreads (Deoptimize) done
Event: 9.978 Executing VM operation: HandshakeAllThreads (Deoptimize)
Event: 9.978 Executing VM operation: HandshakeAllThreads (Deoptimize) done
Event: 9.978 Executing VM operation: HandshakeAllThreads (Deoptimize)
Event: 9.978 Executing VM operation: HandshakeAllThreads (Deoptimize) done
Event: 10.066 Executing VM operation: HandshakeAllThreads (Deoptimize)
Event: 10.066 Executing VM operation: HandshakeAllThreads (Deoptimize) done
Event: 10.090 Executing VM operation: HandshakeAllThreads (Deoptimize)
Event: 10.090 Executing VM operation: HandshakeAllThreads (Deoptimize) done
Event: 11.098 Executing VM operation: Cleanup
Event: 11.098 Executing VM operation: Cleanup done

Memory protections (0 events):
No events

Nmethod flushes (0 events):
No events

Events (20 events):
Event: 0.351 Thread 0x0000029e0a169260 Thread added: 0x0000029e6b018570
Event: 0.419 Thread 0x0000029e653d10c0 Thread added: 0x0000029e6b08b0f0
Event: 1.984 Thread 0x0000029e0a169260 Thread added: 0x0000029e6b51e2c0
Event: 2.218 Thread 0x0000029e6b08b0f0 Thread exited: 0x0000029e6b08b0f0
Event: 2.218 Thread 0x0000029e654f2150 Thread exited: 0x0000029e654f2150
Event: 3.018 Thread 0x0000029e0a169260 Thread added: 0x0000029e65519a70
Event: 3.021 Thread 0x0000029e0a169260 Thread added: 0x0000029e6b863580
Event: 3.046 Thread 0x0000029e6b863580 Thread added: 0x0000029e6b0d3090
Event: 3.113 Thread 0x0000029e6b863580 Thread added: 0x0000029e6baee200
Event: 3.163 Thread 0x0000029e653d10c0 Thread added: 0x0000029e6b925010
Event: 3.319 Thread 0x0000029e6b863580 Thread added: 0x0000029e6ba73ab0
Event: 3.497 Thread 0x0000029e6b863580 Thread added: 0x0000029e6b9b6f10
Event: 3.508 Thread 0x0000029e6b863580 Thread added: 0x0000029e6bfa9f50
Event: 3.588 Thread 0x0000029e653d10c0 Thread added: 0x0000029e6bcb5600
Event: 4.761 Thread 0x0000029e6bcb5600 Thread exited: 0x0000029e6bcb5600
Event: 8.826 Thread 0x0000029e6baee200 Thread exited: 0x0000029e6baee200
Event: 9.873 Thread 0x0000029e6b863580 Thread added: 0x0000029e6bfa77f0
Event: 9.891 Thread 0x0000029e653d10c0 Thread added: 0x0000029e6556d030
Event: 9.937 Thread 0x0000029e6bfa77f0 Thread exited: 0x0000029e6bfa77f0
Event: 10.005 Thread 0x0000029e6b9b6f10 Thread added: 0x0000029e6bfa7e80


Dynamic libraries:
0x00007ff6a2fd0000 - 0x00007ff6a2fde000 	c:\Users\Etudiant\.vscode\extensions\redhat.java-1.46.2025091808-win32-x64\jre\21.0.8-win32-x86_64\bin\java.exe
0x00007ffe172a0000 - 0x00007ffe17505000 	C:\WINDOWS\SYSTEM32\ntdll.dll
0x00007ffe15360000 - 0x00007ffe15429000 	C:\WINDOWS\System32\KERNEL32.DLL
0x00007ffe147f0000 - 0x00007ffe14bd8000 	C:\WINDOWS\System32\KERNELBASE.dll
0x00007ffe143f0000 - 0x00007ffe1453b000 	C:\WINDOWS\System32\ucrtbase.dll
0x00007ffe05130000 - 0x00007ffe0514e000 	c:\Users\Etudiant\.vscode\extensions\redhat.java-1.46.2025091808-win32-x64\jre\21.0.8-win32-x86_64\bin\VCRUNTIME140.dll
0x00007ffe03640000 - 0x00007ffe03658000 	c:\Users\Etudiant\.vscode\extensions\redhat.java-1.46.2025091808-win32-x64\jre\21.0.8-win32-x86_64\bin\jli.dll
0x00007ffe16190000 - 0x00007ffe1635a000 	C:\WINDOWS\System32\USER32.dll
0x00007ffe14be0000 - 0x00007ffe14c07000 	C:\WINDOWS\System32\win32u.dll
0x00007ffe16b30000 - 0x00007ffe16b5b000 	C:\WINDOWS\System32\GDI32.dll
0x00007ffe146b0000 - 0x00007ffe147e7000 	C:\WINDOWS\System32\gdi32full.dll
0x00007ffe14600000 - 0x00007ffe146a3000 	C:\WINDOWS\System32\msvcp_win.dll
0x00007ffdf41a0000 - 0x00007ffdf443a000 	C:\WINDOWS\WinSxS\amd64_microsoft.windows.common-controls_6595b64144ccf1df_6.0.26100.4202_none_3e0698d4e335f517\COMCTL32.dll
0x00007ffe152a0000 - 0x00007ffe15349000 	C:\WINDOWS\System32\msvcrt.dll
0x00007ffe15430000 - 0x00007ffe15460000 	C:\WINDOWS\System32\IMM32.DLL
0x00007ffdf1ee0000 - 0x00007ffdf204b000 	C:\Windows\system32\tmumh\20019\AddOn\8.55.0.1129\TmUmEvt64.dll
0x00007ffe163e0000 - 0x00007ffe163e8000 	C:\WINDOWS\System32\PSAPI.DLL
0x00007ffe15f20000 - 0x00007ffe15fd3000 	C:\WINDOWS\System32\ADVAPI32.dll
0x00007ffe17060000 - 0x00007ffe17106000 	C:\WINDOWS\System32\sechost.dll
0x00007ffe17110000 - 0x00007ffe17225000 	C:\WINDOWS\System32\RPCRT4.dll
0x0000000065ca0000 - 0x0000000065e13000 	C:\Windows\system32\tmumh\20019\TmMon\2.9.0.1048\tmmon64.dll
0x00007ffe0e6e0000 - 0x00007ffe0e6ec000 	c:\Users\Etudiant\.vscode\extensions\redhat.java-1.46.2025091808-win32-x64\jre\21.0.8-win32-x86_64\bin\vcruntime140_1.dll
0x00007ffdf9430000 - 0x00007ffdf94bd000 	c:\Users\Etudiant\.vscode\extensions\redhat.java-1.46.2025091808-win32-x64\jre\21.0.8-win32-x86_64\bin\msvcp140.dll
0x00007ffdb9890000 - 0x00007ffdba627000 	c:\Users\Etudiant\.vscode\extensions\redhat.java-1.46.2025091808-win32-x64\jre\21.0.8-win32-x86_64\bin\server\jvm.dll
0x00007ffe16b60000 - 0x00007ffe16bd4000 	C:\WINDOWS\System32\WS2_32.dll
0x00007ffe14240000 - 0x00007ffe1429e000 	C:\WINDOWS\SYSTEM32\POWRPROF.dll
0x00007ffe0eab0000 - 0x00007ffe0eae5000 	C:\WINDOWS\SYSTEM32\WINMM.dll
0x00007ffe12d20000 - 0x00007ffe12d2b000 	C:\WINDOWS\SYSTEM32\VERSION.dll
0x00007ffe14220000 - 0x00007ffe14234000 	C:\WINDOWS\SYSTEM32\UMPDC.dll
0x00007ffe13170000 - 0x00007ffe1318b000 	C:\WINDOWS\SYSTEM32\kernel.appcore.dll
0x00007ffe04b60000 - 0x00007ffe04b6a000 	c:\Users\Etudiant\.vscode\extensions\redhat.java-1.46.2025091808-win32-x64\jre\21.0.8-win32-x86_64\bin\jimage.dll
0x00007ffe117b0000 - 0x00007ffe119f1000 	C:\WINDOWS\SYSTEM32\DBGHELP.DLL
0x00007ffe16be0000 - 0x00007ffe16f65000 	C:\WINDOWS\System32\combase.dll
0x00007ffe16f70000 - 0x00007ffe17051000 	C:\WINDOWS\System32\OLEAUT32.dll
0x00007ffdedbf0000 - 0x00007ffdedc29000 	C:\WINDOWS\SYSTEM32\dbgcore.DLL
0x00007ffe14fa0000 - 0x00007ffe15039000 	C:\WINDOWS\System32\bcryptPrimitives.dll
0x00007ffe04b00000 - 0x00007ffe04b0f000 	c:\Users\Etudiant\.vscode\extensions\redhat.java-1.46.2025091808-win32-x64\jre\21.0.8-win32-x86_64\bin\instrument.dll
0x00007ffdfeca0000 - 0x00007ffdfecbf000 	c:\Users\Etudiant\.vscode\extensions\redhat.java-1.46.2025091808-win32-x64\jre\21.0.8-win32-x86_64\bin\java.dll
0x00007ffe15670000 - 0x00007ffe15db2000 	C:\WINDOWS\System32\SHELL32.dll
0x00007ffe14e20000 - 0x00007ffe14f94000 	C:\WINDOWS\System32\wintypes.dll
0x00007ffe11d90000 - 0x00007ffe125e8000 	C:\WINDOWS\SYSTEM32\windows.storage.dll
0x00007ffe15500000 - 0x00007ffe155f1000 	C:\WINDOWS\System32\SHCORE.dll
0x00007ffe15600000 - 0x00007ffe1566a000 	C:\WINDOWS\System32\shlwapi.dll
0x00007ffe14300000 - 0x00007ffe1432f000 	C:\WINDOWS\SYSTEM32\profapi.dll
0x00007ffdfe910000 - 0x00007ffdfe928000 	c:\Users\Etudiant\.vscode\extensions\redhat.java-1.46.2025091808-win32-x64\jre\21.0.8-win32-x86_64\bin\zip.dll
0x00007ffe04950000 - 0x00007ffe04960000 	C:\Users\Etudiant\.vscode\extensions\redhat.java-1.46.2025091808-win32-x64\jre\21.0.8-win32-x86_64\bin\net.dll
0x00007ffe0d0e0000 - 0x00007ffe0d1fe000 	C:\WINDOWS\SYSTEM32\WINHTTP.dll
0x00007ffe136c0000 - 0x00007ffe1372a000 	C:\WINDOWS\system32\mswsock.dll
0x00007ffdf7b10000 - 0x00007ffdf7b26000 	C:\Users\Etudiant\.vscode\extensions\redhat.java-1.46.2025091808-win32-x64\jre\21.0.8-win32-x86_64\bin\nio.dll
0x00007ffe038f0000 - 0x00007ffe03900000 	c:\Users\Etudiant\.vscode\extensions\redhat.java-1.46.2025091808-win32-x64\jre\21.0.8-win32-x86_64\bin\verify.dll
0x00007ffdfeb70000 - 0x00007ffdfebb4000 	C:\Users\Etudiant\AppData\Roaming\Code\User\globalStorage\redhat.java\1.46.2025091808\config_ss_win\org.eclipse.equinox.launcher\org.eclipse.equinox.launcher.win32.win32.x86_64_1.2.1400.v20250801-0854\eclipse_11916.dll
0x00007ffe15fe0000 - 0x00007ffe1617e000 	C:\WINDOWS\System32\ole32.dll
0x00007ffe03430000 - 0x00007ffe0343a000 	C:\Users\Etudiant\.vscode\extensions\redhat.java-1.46.2025091808-win32-x64\jre\21.0.8-win32-x86_64\bin\management.dll
0x00007ffe03370000 - 0x00007ffe0337b000 	C:\Users\Etudiant\.vscode\extensions\redhat.java-1.46.2025091808-win32-x64\jre\21.0.8-win32-x86_64\bin\management_ext.dll
0x00007ffe13aa0000 - 0x00007ffe13abb000 	C:\WINDOWS\SYSTEM32\CRYPTSP.dll
0x00007ffe130d0000 - 0x00007ffe1310a000 	C:\WINDOWS\system32\rsaenh.dll
0x00007ffe13760000 - 0x00007ffe1378b000 	C:\WINDOWS\SYSTEM32\USERENV.dll
0x00007ffe142d0000 - 0x00007ffe142f6000 	C:\WINDOWS\SYSTEM32\bcrypt.dll
0x00007ffe13a80000 - 0x00007ffe13a8c000 	C:\WINDOWS\SYSTEM32\CRYPTBASE.dll
0x00007ffe12980000 - 0x00007ffe129b3000 	C:\WINDOWS\SYSTEM32\IPHLPAPI.DLL
0x00007ffe15350000 - 0x00007ffe1535a000 	C:\WINDOWS\System32\NSI.dll
0x00007ffdf7770000 - 0x00007ffdf77b9000 	C:\Users\Etudiant\AppData\Local\Temp\jna--983739012\jna8315472912181572856.dll

JVMTI agents:
c:\Users\Etudiant\.vscode\extensions\redhat.java-1.46.2025091808-win32-x64\lombok\lombok-1.18.39-4050.jar path:c:\Users\Etudiant\.vscode\extensions\redhat.java-1.46.2025091808-win32-x64\jre\21.0.8-win32-x86_64\bin\instrument.dll, loaded, initialized, instrumentlib options:none

dbghelp: loaded successfully - version: 4.0.5 - missing functions: none
symbol engine: initialized successfully - sym options: 0x614 - pdb path: .;c:\Users\Etudiant\.vscode\extensions\redhat.java-1.46.2025091808-win32-x64\jre\21.0.8-win32-x86_64\bin;C:\WINDOWS\SYSTEM32;C:\WINDOWS\WinSxS\amd64_microsoft.windows.common-controls_6595b64144ccf1df_6.0.26100.4202_none_3e0698d4e335f517;C:\Windows\system32\tmumh\20019\AddOn\8.55.0.1129;C:\Windows\system32\tmumh\20019\TmMon\2.9.0.1048;c:\Users\Etudiant\.vscode\extensions\redhat.java-1.46.2025091808-win32-x64\jre\21.0.8-win32-x86_64\bin\server;C:\Users\Etudiant\AppData\Roaming\Code\User\globalStorage\redhat.java\1.46.2025091808\config_ss_win\org.eclipse.equinox.launcher\org.eclipse.equinox.launcher.win32.win32.x86_64_1.2.1400.v20250801-0854;C:\Users\Etudiant\AppData\Local\Temp\jna--983739012

VM Arguments:
jvm_args: --add-modules=ALL-SYSTEM --add-opens=java.base/java.util=ALL-UNNAMED --add-opens=java.base/java.lang=ALL-UNNAMED --add-opens=java.base/sun.nio.fs=ALL-UNNAMED -Declipse.application=org.eclipse.jdt.ls.core.id1 -Dosgi.bundles.defaultStartLevel=4 -Declipse.product=org.eclipse.jdt.ls.core.product -Djava.import.generatesMetadataFilesAtProjectRoot=false -DDetectVMInstallationsJob.disabled=true -Dfile.encoding=utf8 -XX:+UseParallelGC -XX:GCTimeRatio=4 -XX:AdaptiveSizePolicyWeight=90 -Dsun.zip.disableMemoryMapping=true -Xmx2G -Xms100m -Xlog:disable -javaagent:c:\Users\Etudiant\.vscode\extensions\redhat.java-1.46.2025091808-win32-x64\lombok\lombok-1.18.39-4050.jar 
java_command: c:\Users\Etudiant\.vscode\extensions\redhat.java-1.46.2025091808-win32-x64\server\plugins\org.eclipse.equinox.launcher_1.7.0.v20250519-0528.jar -configuration c:\Users\Etudiant\AppData\Roaming\Code\User\globalStorage\redhat.java\1.46.2025091808\config_ss_win -data c:\Users\Etudiant\AppData\Roaming\Code\User\workspaceStorage\1a0902743ca5a51e1bfe16b9c011b30d\redhat.java\ss_ws --pipe=\\.\pipe\lsp-bbfe7b2d7ce10308ba50c2a3eb203f17-sock
java_class_path (initial): c:\Users\Etudiant\.vscode\extensions\redhat.java-1.46.2025091808-win32-x64\server\plugins\org.eclipse.equinox.launcher_1.7.0.v20250519-0528.jar
Launcher Type: SUN_STANDARD

[Global flags]
    uintx AdaptiveSizePolicyWeight                 = 90                                        {product} {command line}
     intx CICompilerCount                          = 4                                         {product} {ergonomic}
    uintx GCTimeRatio                              = 4                                         {product} {command line}
   size_t InitialHeapSize                          = 104857600                                 {product} {command line}
   size_t MaxHeapSize                              = 2147483648                                {product} {command line}
   size_t MaxNewSize                               = 715653120                                 {product} {ergonomic}
   size_t MinHeapDeltaBytes                        = 524288                                    {product} {ergonomic}
   size_t MinHeapSize                              = 104857600                                 {product} {command line}
   size_t NewSize                                  = 34603008                                  {product} {ergonomic}
    uintx NonNMethodCodeHeapSize                   = 5839372                                {pd product} {ergonomic}
    uintx NonProfiledCodeHeapSize                  = 122909434                              {pd product} {ergonomic}
   size_t OldSize                                  = 70254592                                  {product} {ergonomic}
    uintx ProfiledCodeHeapSize                     = 122909434                              {pd product} {ergonomic}
    uintx ReservedCodeCacheSize                    = 251658240                              {pd product} {ergonomic}
     bool SegmentedCodeCache                       = true                                      {product} {ergonomic}
   size_t SoftMaxHeapSize                          = 2147483648                             {manageable} {ergonomic}
     bool UseCompressedOops                        = true                           {product lp64_product} {ergonomic}
     bool UseLargePagesIndividualAllocation        = false                                  {pd product} {ergonomic}
     bool UseParallelGC                            = true                                      {product} {command line}

Logging:
Log output configuration:
 #0: stdout all=off uptime,level,tags foldmultilines=false
 #1: stderr all=off uptime,level,tags foldmultilines=false

Environment Variables:
PATH=C:\Program Files\Python313\Scripts\;C:\Program Files\Python313\;C:\mingw64\bin;C:\Program Files\Common Files\Oracle\Java\javapath;C:\Program Files (x86)\Common Files\Oracle\Java\java8path;C:\Program Files (x86)\Common Files\Oracle\Java\javapath;C:\WINDOWS\system32;C:\WINDOWS;C:\WINDOWS\System32\Wbem;C:\WINDOWS\System32\WindowsPowerShell\v1.0\;C:\WINDOWS\System32\OpenSSH\;C:\Program Files\PuTTY\;C:\Program Files\nodejs\;C:\Program Files\dotnet\;C:\ProgramData\chocolatey\bin;C:\ProgramData\chocolatey\lib\maven\apache-maven-3.9.9\bin;C:\Program Files\Docker\Docker\resources\bin;C:\Program Files\php\php-8.4.7;C:\Users\Etudiant\AppData\Local\Microsoft\WindowsApps;C:\Users\Etudiant\AppData\Local\Programs\Git\cmd;C:\Users\Etudiant\AppData\Roaming\npm;C:\Users\Etudiant\AppData\Local\GitHubDesktop\bin
USERNAME=Etudiant
OS=Windows_NT
PROCESSOR_IDENTIFIER=Intel64 Family 6 Model 186 Stepping 3, GenuineIntel
TMP=C:\Users\Etudiant\AppData\Local\Temp
TEMP=C:\Users\Etudiant\AppData\Local\Temp




Periodic native trim disabled

---------------  S Y S T E M  ---------------

OS:
 Windows 11 , 64 bit Build 26100 (10.0.26100.4202)
OS uptime: 0 days 1:00 hours
Hyper-V role detected

CPU: total 12 (initial active 12) (6 cores per cpu, 2 threads per core) family 6 model 186 stepping 3 microcode 0x4123, cx8, cmov, fxsr, ht, mmx, 3dnowpref, sse, sse2, sse3, ssse3, sse4.1, sse4.2, popcnt, lzcnt, tsc, tscinvbit, avx, avx2, aes, erms, clmul, bmi1, bmi2, adx, sha, fma, vzeroupper, clflush, clflushopt, clwb, hv, serialize, rdtscp, rdpid, fsrm, f16c, cet_ibt, cet_ss
Processor Information for the first 12 processors :
  Max Mhz: 1300, Current Mhz: 1300, Mhz Limit: 1300

Memory: 4k page, system-wide physical 16016M (740M free)
TotalPageFile size 16016M (AvailPageFile size 5M)
current process WorkingSet (physical memory assigned to process): 157M, peak: 166M
current process commit charge ("private bytes"): 299M, peak: 305M

vm_info: OpenJDK 64-Bit Server VM (21.0.8+9-LTS) for windows-amd64 JRE (21.0.8+9-LTS), built on 2025-07-15T00:00:00Z by "admin" with MS VC++ 17.7 (VS2022)

END.
